<?xml version="1.0" encoding="UTF-8"?>
<testng-results ignored="0" total="1" passed="1" failed="0" skipped="0">
  <reporter-output>
  </reporter-output>
  <suite started-at="2018-10-31T03:50:04Z" name="suite1" finished-at="2018-10-31T03:50:05Z" duration-ms="394">
    <groups>
    </groups>
    <test started-at="2018-10-31T03:50:04Z" name="testngauto" finished-at="2018-10-31T03:50:05Z" duration-ms="394">
      <class name="test1">
        <test-method signature="test_equals()[pri:0, instance:test1@537b32ef]" started-at="2018-10-31T03:50:04Z" name="test_equals" finished-at="2018-10-31T03:50:05Z" duration-ms="183" status="PASS">
          <reporter-output>
          </reporter-output>
        </test-method> <!-- test_equals -->
      </class> <!-- test1 -->
    </test> <!-- testngauto -->
  </suite> <!-- suite1 -->
</testng-results>
